  sample.c
D:\2023_1\Introduction to Programming (1)\Projects\Project1\Project1\sample.c(13,9): warning C4473: 'printf': 서식 문자열에 대한 인수가 충분하게 전달되지 않았습니다.
D:\2023_1\Introduction to Programming (1)\Projects\Project1\Project1\sample.c(13,9): message : 자리 표시자 및 해당 매개 변수에는 variadic 인수가 1개 필요하지만 0개가 제공되었습니다.
D:\2023_1\Introduction to Programming (1)\Projects\Project1\Project1\sample.c(13,9): message : 누락된 variadic 인수 1이(가) 서식 문자열 '%s'에 필요합니다.
D:\2023_1\Introduction to Programming (1)\Projects\Project1\Project1\sample.c(16,12): warning C4267: '=': 'size_t'에서 'int'(으)로 변환하면서 데이터가 손실될 수 있습니다.
D:\2023_1\Introduction to Programming (1)\Projects\Project1\Project1\sample.c(17,18): warning C4244: '=': 'double'에서 'float'(으)로 변환하면서 데이터가 손실될 수 있습니다.
D:\2023_1\Introduction to Programming (1)\Projects\Project1\Project1\sample.c(12,2): error C4996: 'scanf': This function or variable may be unsafe. Consider using scanf_s instead. To disable deprecation, use _CRT_SECURE_NO_WARNINGS. See online help for details.
D:\2023_1\Introduction to Programming (1)\Projects\Project1\Project1\sample.c(14,2): error C4996: 'scanf': This function or variable may be unsafe. Consider using scanf_s instead. To disable deprecation, use _CRT_SECURE_NO_WARNINGS. See online help for details.
